ERC report (2026-06-27T13:54:34-0700, Encoding UTF8)

***** Sheet /
[pin_not_connected]: Pin not connected
    ; error
    @(950 mils, 2050 mils): Symbol U1 Pin 2 [PC13, Bidirectional, Line]
[pin_not_connected]: Pin not connected
    ; error
    @(950 mils, 2150 mils): Symbol U1 Pin 3 [PC14, Bidirectional, Line]
[pin_not_connected]: Pin not connected
    ; error
    @(950 mils, 2250 mils): Symbol U1 Pin 4 [PC15, Bidirectional, Line]
[pin_not_connected]: Pin not connected
    ; error
    @(950 mils, 2650 mils): Symbol U1 Pin 20 [PB2, Bidirectional, Line]
[pin_not_connected]: Pin not connected
    ; error
    @(2350 mils, 2150 mils): Symbol U1 Pin 29 [PA8, Bidirectional, Line]
[pin_not_connected]: Pin not connected
    ; error
    @(950 mils, 3050 mils): Symbol U1 Pin 42 [PB6, Bidirectional, Line]
[pin_not_connected]: Pin not connected
    ; error
    @(950 mils, 3150 mils): Symbol U1 Pin 43 [PB7, Bidirectional, Line]
[pin_not_connected]: Pin not connected
    ; error
    @(950 mils, 3250 mils): Symbol U1 Pin 45 [PB8, Bidirectional, Line]
[pin_not_connected]: Pin not connected
    ; error
    @(2350 mils, 2450 mils): Symbol U1 Pin 32 [PA11, Bidirectional, Line]
[pin_not_connected]: Pin not connected
    ; error
    @(2350 mils, 2550 mils): Symbol U1 Pin 33 [PA12, Bidirectional, Line]
[pin_not_connected]: Pin not connected
    ; error
    @(950 mils, 3350 mils): Symbol U1 Pin 46 [PB9, Bidirectional, Line]
[pin_not_connected]: Pin not connected
    ; error
    @(950 mils, 3450 mils): Symbol U1 Pin 21 [PB10, Bidirectional, Line]
[pin_not_connected]: Pin not connected
    ; error
    @(950 mils, 3550 mils): Symbol U1 Pin 25 [PB12, Bidirectional, Line]
[pin_not_connected]: Pin not connected
    ; error
    @(2350 mils, 2850 mils): Symbol U1 Pin 38 [PA15, Bidirectional, Line]
[pin_not_connected]: Pin not connected
    ; error
    @(950 mils, 3650 mils): Symbol U1 Pin 26 [PB13, Bidirectional, Line]
[pin_not_connected]: Pin not connected
    ; error
    @(950 mils, 3750 mils): Symbol U1 Pin 27 [PB14, Bidirectional, Line]
[pin_not_connected]: Pin not connected
    ; error
    @(950 mils, 3850 mils): Symbol U1 Pin 28 [PB15, Bidirectional, Line]
[footprint_link_issues]: The current configuration does not include the footprint library 'Custom_Library'.
    ; warning
    @(3550 mils, 4950 mils): Symbol Q2 [FS8205A]
[lib_symbol_issues]: The current configuration does not include the symbol library '2026-04-12_18-39-20'
    ; warning
    @(3550 mils, 4950 mils): Symbol Q2 [FS8205A]
[pin_to_pin]: Pins of type Unspecified and Bidirectional are connected
    ; warning
    @(2300 mils, 6500 mils): Symbol R24 Pin 2 [Unspecified, Line]
    @(1850 mils, 6850 mils): Symbol J2 Pin A5 [CC1, Bidirectional, Line]
[lib_symbol_issues]: The current configuration does not include the symbol library '240Library'
    ; warning
    @(2800 mils, 6500 mils): Symbol R24 [CF14JT1K00]
[pin_to_pin]: Pins of type Unspecified and Power input are connected
    ; warning
    @(2800 mils, 6500 mils): Symbol R24 Pin 1 [Unspecified, Line]
    @(2800 mils, 6500 mils): Symbol #PWR054 Pin 1 [Power input, Line]
[footprint_link_issues]: The current configuration does not include the footprint library 'Custom_Library'.
    ; warning
    @(6900 mils, 1600 mils): Symbol U2 [BMI088]
[lib_symbol_issues]: The current configuration does not include the symbol library '2026-04-12_18-39-20'
    ; warning
    @(6900 mils, 1600 mils): Symbol U2 [BMI088]
[pin_to_pin]: Pins of type Unspecified and Passive are connected
    ; warning
    @(3350 mils, 6400 mils): Symbol R11 Pin 2 [Unspecified, Line]
    @(3350 mils, 6200 mils): Symbol D1 Pin 1 [K, Passive, Line]
[pin_to_pin]: Pins of type Unspecified and Bidirectional are connected
    ; warning
    @(2300 mils, 6950 mils): Symbol R23 Pin 2 [Unspecified, Line]
    @(1850 mils, 6950 mils): Symbol J2 Pin B5 [CC2, Bidirectional, Line]
[lib_symbol_issues]: The current configuration does not include the symbol library '240Library'
    ; warning
    @(3850 mils, 6400 mils): Symbol R11 [CF14JT1K00]
[pin_to_pin]: Pins of type Unspecified and Open collector are connected
    ; warning
    @(3850 mils, 6400 mils): Symbol R11 Pin 1 [Unspecified, Line]
    @(3850 mils, 6400 mils): Symbol U5 Pin 7 [~{CHRG}, Open collector, Line]
[lib_symbol_issues]: The current configuration does not include the symbol library '240Library'
    ; warning
    @(2800 mils, 6950 mils): Symbol R23 [CF14JT1K00]
[pin_to_pin]: Pins of type Unspecified and Power input are connected
    ; warning
    @(2800 mils, 6950 mils): Symbol R23 Pin 1 [Unspecified, Line]
    @(2800 mils, 6950 mils): Symbol #PWR055 Pin 1 [Power input, Line]
[lib_symbol_issues]: The current configuration does not include the symbol library '240Library'
    ; warning
    @(3850 mils, 6500 mils): Symbol R12 [CF14JT1K00]
[pin_to_pin]: Pins of type Unspecified and Open collector are connected
    ; warning
    @(3850 mils, 6500 mils): Symbol R12 Pin 1 [Unspecified, Line]
    @(3850 mils, 6500 mils): Symbol U5 Pin 6 [~{STDBY}, Open collector, Line]
[footprint_link_issues]: The current configuration does not include the footprint library 'Custom_Library'.
    ; warning
    @(6400 mils, 4750 mils): Symbol IC1 [LTC3621EMS8E-3.3#PBF]
[lib_symbol_issues]: The current configuration does not include the symbol library '2026-04-12_18-39-20'
    ; warning
    @(6400 mils, 4750 mils): Symbol IC1 [LTC3621EMS8E-3.3#PBF]
[pin_to_pin]: Pins of type Unspecified and Passive are connected
    ; warning
    @(3850 mils, 7000 mils): Symbol R12 Pin 2 [Unspecified, Line]
    @(3600 mils, 7000 mils): Symbol D2 Pin 1 [K, Passive, Line]
[pin_to_pin]: Pins of type Unspecified and Passive are connected
    ; warning
    @(4650 mils, 6500 mils): Symbol R9 Pin 2 [Unspecified, Line]
    @(4650 mils, 6500 mils): Symbol U5 Pin 2 [PROG, Passive, Line]
[lib_symbol_issues]: The current configuration does not include the symbol library '240Library'
    ; warning
    @(4650 mils, 7000 mils): Symbol R9 [CF14JT1K00]
[pin_to_pin]: Pins of type Unspecified and Power input are connected
    ; warning
    @(4650 mils, 7000 mils): Symbol R9 Pin 1 [Unspecified, Line]
    @(4650 mils, 7000 mils): Symbol #PWR057 Pin 1 [Power input, Line]
[footprint_link_issues]: The current configuration does not include the footprint library 'Custom_Library'.
    ; warning
    @(8400 mils, 3300 mils): Symbol U4 [W25Q128JVSIQ]
[lib_symbol_issues]: The current configuration does not include the symbol library '2026-04-12_18-39-20'
    ; warning
    @(8400 mils, 3300 mils): Symbol U4 [W25Q128JVSIQ]
[footprint_link_issues]: The current configuration does not include the footprint library 'Custom_Library'.
    ; warning
    @(9850 mils, 1650 mils): Symbol U3 [BMP388]
[lib_symbol_issues]: The current configuration does not include the symbol library '2026-04-12_18-39-20'
    ; warning
    @(9850 mils, 1650 mils): Symbol U3 [BMP388]
[multiple_net_names]: Both +3.3V and BMP_VDD are attached to the same items; +3.3V will be used in the netlist
    ; warning
    @(2950 mils, 1750 mils): Symbol #PWR011 Pin 1 [Power input, Line]
    @(10350 mils, 1250 mils): Label 'BMP_VDD'
[footprint_link_issues]: The current configuration does not include the footprint library 'Custom_Library'.
    ; warning
    @(9000 mils, 5300 mils): Symbol Q1 [DMG2305UX]
[lib_symbol_issues]: The current configuration does not include the symbol library '2026-04-12_18-39-20'
    ; warning
    @(9000 mils, 5300 mils): Symbol Q1 [DMG2305UX]
[multiple_net_names]: Both GND and VSS are attached to the same items; GND will be used in the netlist
    ; warning
    @(8600 mils, 1050 mils): Symbol #PWR040 Pin 1 [Power input, Line]
    @(10350 mils, 2050 mils): Symbol U3 Hidden pin 8 [VSS, Power input, Line]

 ** ERC messages: 46  Errors 17  Warnings 29
